0 info it worked if it ends with ok
1 verbose cli [ '/usr/local/Cellar/node/4.1.1/bin/node',
1 verbose cli   '/usr/local/bin/npm',
1 verbose cli   'install',
1 verbose cli   'phantomjs' ]
2 info using npm@2.14.4
3 info using node@v4.1.1
4 verbose install initial load of /Users/hongyegong/Github/laravel-bookmark/package.json
5 verbose readDependencies loading dependencies from /Users/hongyegong/Github/laravel-bookmark/package.json
6 silly cache add args [ 'phantomjs', null ]
7 verbose cache add spec phantomjs
8 silly cache add parsed spec Result {
8 silly cache add   raw: 'phantomjs',
8 silly cache add   scope: null,
8 silly cache add   name: null,
8 silly cache add   rawSpec: 'phantomjs',
8 silly cache add   spec: '/Users/hongyegong/Github/laravel-bookmark/phantomjs',
8 silly cache add   type: 'local' }
9 silly addLocalTarball shasum (computed) a06b0f5e1f41520ca3c752afc75014f8be6bf4d8
10 verbose addTmpTarball /Users/hongyegong/Github/laravel-bookmark/phantomjs not in flight; adding
11 verbose addTmpTarball validating metadata from /Users/hongyegong/Github/laravel-bookmark/phantomjs
12 verbose tar unpack /Users/hongyegong/Github/laravel-bookmark/phantomjs
13 verbose tar unpacking to /var/folders/ks/d5chxrps5y14h_lnq3zx0b340000gn/T/npm-33693-0df9ed25/unpack-786a6652b7a0
14 silly gentlyRm /var/folders/ks/d5chxrps5y14h_lnq3zx0b340000gn/T/npm-33693-0df9ed25/unpack-786a6652b7a0 is being purged
15 verbose gentlyRm don't care about contents; nuking /var/folders/ks/d5chxrps5y14h_lnq3zx0b340000gn/T/npm-33693-0df9ed25/unpack-786a6652b7a0
16 silly gunzTarPerm modes [ '755', '644' ]
17 error not a package /Users/hongyegong/Github/laravel-bookmark/phantomjs
18 error addLocal Could not install /Users/hongyegong/Github/laravel-bookmark/phantomjs
19 verbose stack Error: ENOENT: no such file or directory, open '/var/folders/ks/d5chxrps5y14h_lnq3zx0b340000gn/T/npm-33693-0df9ed25/unpack-786a6652b7a0/package.json'
19 verbose stack     at Error (native)
20 verbose cwd /Users/hongyegong/Github/laravel-bookmark
21 error Darwin 14.3.0
22 error argv "/usr/local/Cellar/node/4.1.1/bin/node" "/usr/local/bin/npm" "install" "phantomjs"
23 error node v4.1.1
24 error npm  v2.14.4
25 error path /var/folders/ks/d5chxrps5y14h_lnq3zx0b340000gn/T/npm-33693-0df9ed25/unpack-786a6652b7a0/package.json
26 error code ENOENT
27 error errno -2
28 error syscall open
29 error enoent ENOENT: no such file or directory, open '/var/folders/ks/d5chxrps5y14h_lnq3zx0b340000gn/T/npm-33693-0df9ed25/unpack-786a6652b7a0/package.json'
29 error enoent This is most likely not a problem with npm itself
29 error enoent and is related to npm not being able to find a file.
30 verbose exit [ -2, true ]
